<?xml version="1.0" encoding="UTF-8"?>
<!-- Generated by org.testng.reporters.JUnitReportReporter -->
<testsuite hostname="dontha-pc" failures="0" tests="3" name="com.crm.qa.testcases.HomePageTest" time="43.453" errors="0" timestamp="17 Sep 2018 03:33:00 GMT" skipped="1">
  <testcase classname="com.crm.qa.testcases.HomePageTest" name="verifyContactsLinkTest" time="23.499"/>
  <testcase classname="com.crm.qa.testcases.HomePageTest" name="usernameTest" time="19.954"/>
  <testcase classname="com.crm.qa.testcases.HomePageTest" name="homePageTitleTest">
    <skipped/>
  </testcase> <!-- homePageTitleTest -->
</testsuite> <!-- com.crm.qa.testcases.HomePageTest -->
