<?xml version="1.0" encoding="UTF-8"?>
<!-- Generated by org.testng.reporters.JUnitReportReporter -->
<testsuite hostname="dontha-pc" failures="0" tests="2" name="com.crm.qa.testcases.Log4jTest" time="23.160" errors="0" timestamp="20 Sep 2018 05:33:14 GMT" skipped="0">
  <testcase classname="com.crm.qa.testcases.Log4jTest" name="crmLogoTest" time="12.687"/>
  <testcase classname="com.crm.qa.testcases.Log4jTest" name="loginPageTiltleTest" time="10.473"/>
</testsuite> <!-- com.crm.qa.testcases.Log4jTest -->
