<?xml version="1.0" encoding="UTF-8"?>
<!-- Generated by org.testng.reporters.JUnitReportReporter -->
<testsuite hostname="dontha-pc" failures="0" tests="3" name="com.crm.qa.testcases.LoginPageTest" time="41.910" errors="0" timestamp="17 Sep 2018 03:33:00 GMT" skipped="0">
  <testcase classname="com.crm.qa.testcases.LoginPageTest" name="crmLogoTest" time="14.068"/>
  <testcase classname="com.crm.qa.testcases.LoginPageTest" name="loginPageTiltleTest" time="11.893"/>
  <testcase classname="com.crm.qa.testcases.LoginPageTest" name="loginTest" time="15.949"/>
</testsuite> <!-- com.crm.qa.testcases.LoginPageTest -->
